[   11515ms] [WARNING] Image with src "http://localhost:3000/flags/mx.svg" has either width or height modified, but not the other. If you use CSS to change the size of your image, also include the styles 'width: "auto"' or 'height: "auto"' to maintain the aspect ratio. @ webpack-internal:///(app-pages-browser)/./node_modules/next/dist/shared/lib/utils/warn-once.js:15
[   13134ms] [WARNING] Image with src "http://localhost:3000/flags/cz.svg" has either width or height modified, but not the other. If you use CSS to change the size of your image, also include the styles 'width: "auto"' or 'height: "auto"' to maintain the aspect ratio. @ webpack-internal:///(app-pages-browser)/./node_modules/next/dist/shared/lib/utils/warn-once.js:15
[   13134ms] [WARNING] Image with src "http://localhost:3000/flags/za.svg" has either width or height modified, but not the other. If you use CSS to change the size of your image, also include the styles 'width: "auto"' or 'height: "auto"' to maintain the aspect ratio. @ webpack-internal:///(app-pages-browser)/./node_modules/next/dist/shared/lib/utils/warn-once.js:15
[   13135ms] [WARNING] Image with src "http://localhost:3000/flags/kr.svg" has either width or height modified, but not the other. If you use CSS to change the size of your image, also include the styles 'width: "auto"' or 'height: "auto"' to maintain the aspect ratio. @ webpack-internal:///(app-pages-browser)/./node_modules/next/dist/shared/lib/utils/warn-once.js:15
[   59038ms] [LOG] [Fast Refresh] rebuilding @ webpack-internal:///(app-pages-browser)/./node_modules/next/dist/client/components/react-dev-overlay/app/hot-reloader-client.js:186
[   59488ms] [LOG] [Fast Refresh] rebuilding @ webpack-internal:///(app-pages-browser)/./node_modules/next/dist/client/components/react-dev-overlay/app/hot-reloader-client.js:186
[   59513ms] [LOG] [Fast Refresh] done in 25ms @ webpack-internal:///(app-pages-browser)/./node_modules/next/dist/client/components/react-dev-overlay/app/hot-reloader-client.js:43
[   59555ms] [LOG] [Fast Refresh] done in 66ms @ webpack-internal:///(app-pages-browser)/./node_modules/next/dist/client/components/react-dev-overlay/app/hot-reloader-client.js:43
[   60760ms] [LOG] [Fast Refresh] done in 1271ms @ webpack-internal:///(app-pages-browser)/./node_modules/next/dist/client/components/react-dev-overlay/app/hot-reloader-client.js:43
[   60761ms] [ERROR] IntlError: MISSING_MESSAGE: Could not resolve `Ticker.dismissAria` in messages for locale `es`.
    at getFallbackFromErrorAndNotify (webpack-internal:///(app-pages-browser)/./node_modules/use-intl/dist/esm/development/initializeConfig-CUsOI8u2.js:108:19)
    at translateBaseFn (webpack-internal:///(app-pages-browser)/./node_modules/use-intl/dist/esm/development/initializeConfig-CUsOI8u2.js:141:18)
    at translateFn (webpack-internal:///(app-pages-browser)/./node_modules/use-intl/dist/esm/development/initializeConfig-CUsOI8u2.js:173:20)
    at AnnouncementTicker (webpack-internal:///(app-pages-browser)/./components/layout/AnnouncementTicker.tsx:110:31)
    at renderWithHooks (webpack-internal:///(app-pages-browser)/./node_modules/next/dist/compiled/react-dom/cjs/react-dom.development.js:11121:18)
    at updateFunctionComponent (webpack-internal:///(app-pages-browser)/./node_modules/next/dist/compiled/react-dom/cjs/react-dom.development.js:16290:20)
    at beginWork$1 (webpack-internal:///(app-pages-browser)/./node_modules/next/dist/compiled/react-dom/cjs/react-dom.development.js:18472:16)
    at beginWork (webpack-internal:///(app-pages-browser)/./node_modules/next/dist/compiled/react-dom/cjs/react-dom.development.js:26927:14)
    at performUnitOfWork (webpack-internal:///(app-pages-browser)/./node_modules/next/dist/compiled/react-dom/cjs/react-dom.development.js:25748:12)
    at workLoopSync (webpack-internal:///(app-pages-browser)/./node_modules/next/dist/compiled/react-dom/cjs/react-dom.development.js:25464:5)
    at renderRootSync (webpack-internal:///(app-pages-browser)/./node_modules/next/dist/compiled/react-dom/cjs/react-dom.development.js:25419:7)
    at performConcurrentWorkOnRoot (webpack-internal:///(app-pages-browser)/./node_modules/next/dist/compiled/react-dom/cjs/react-dom.development.js:24504:74)
    at workLoop (webpack-internal:///(app-pages-browser)/./node_modules/next/dist/compiled/scheduler/cjs/scheduler.development.js:256:34)
    at flushWork (webpack-internal:///(app-pages-browser)/./node_modules/next/dist/compiled/scheduler/cjs/scheduler.development.js:225:14)
    at MessagePort.performWorkUntilDeadline (webpack-internal:///(app-pages-browser)/./node_modules/next/dist/compiled/scheduler/cjs/scheduler.development.js:534:21) @ webpack-internal:///(app-pages-browser)/./node_modules/next/dist/client/app-index.js:32
[   60762ms] [ERROR] IntlError: MISSING_MESSAGE: Could not resolve `Ticker.dismissAria` in messages for locale `es`.
    at getFallbackFromErrorAndNotify (webpack-internal:///(app-pages-browser)/./node_modules/use-intl/dist/esm/development/initializeConfig-CUsOI8u2.js:108:19)
    at translateBaseFn (webpack-internal:///(app-pages-browser)/./node_modules/use-intl/dist/esm/development/initializeConfig-CUsOI8u2.js:141:18)
    at translateFn (webpack-internal:///(app-pages-browser)/./node_modules/use-intl/dist/esm/development/initializeConfig-CUsOI8u2.js:173:20)
    at AnnouncementTicker (webpack-internal:///(app-pages-browser)/./components/layout/AnnouncementTicker.tsx:110:31)
    at renderWithHooksAgain (webpack-internal:///(app-pages-browser)/./node_modules/next/dist/compiled/react-dom/cjs/react-dom.development.js:11272:16)
    at renderWithHooks (webpack-internal:///(app-pages-browser)/./node_modules/next/dist/compiled/react-dom/cjs/react-dom.development.js:11135:18)
    at updateFunctionComponent (webpack-internal:///(app-pages-browser)/./node_modules/next/dist/compiled/react-dom/cjs/react-dom.development.js:16290:20)
    at beginWork$1 (webpack-internal:///(app-pages-browser)/./node_modules/next/dist/compiled/react-dom/cjs/react-dom.development.js:18472:16)
    at beginWork (webpack-internal:///(app-pages-browser)/./node_modules/next/dist/compiled/react-dom/cjs/react-dom.development.js:26927:14)
    at performUnitOfWork (webpack-internal:///(app-pages-browser)/./node_modules/next/dist/compiled/react-dom/cjs/react-dom.development.js:25748:12)
    at workLoopSync (webpack-internal:///(app-pages-browser)/./node_modules/next/dist/compiled/react-dom/cjs/react-dom.development.js:25464:5)
    at renderRootSync (webpack-internal:///(app-pages-browser)/./node_modules/next/dist/compiled/react-dom/cjs/react-dom.development.js:25419:7)
    at performConcurrentWorkOnRoot (webpack-internal:///(app-pages-browser)/./node_modules/next/dist/compiled/react-dom/cjs/react-dom.development.js:24504:74)
    at workLoop (webpack-internal:///(app-pages-browser)/./node_modules/next/dist/compiled/scheduler/cjs/scheduler.development.js:256:34)
    at flushWork (webpack-internal:///(app-pages-browser)/./node_modules/next/dist/compiled/scheduler/cjs/scheduler.development.js:225:14)
    at MessagePort.performWorkUntilDeadline (webpack-internal:///(app-pages-browser)/./node_modules/next/dist/compiled/scheduler/cjs/scheduler.development.js:534:21) @ webpack-internal:///(app-pages-browser)/./node_modules/next/dist/client/app-index.js:32
[   62496ms] [ERROR] IntlError: MISSING_MESSAGE: Could not resolve `Ticker.dismissAria` in messages for locale `es`.
    at getFallbackFromErrorAndNotify (webpack-internal:///(app-pages-browser)/./node_modules/use-intl/dist/esm/development/initializeConfig-CUsOI8u2.js:108:19)
    at translateBaseFn (webpack-internal:///(app-pages-browser)/./node_modules/use-intl/dist/esm/development/initializeConfig-CUsOI8u2.js:141:18)
    at translateFn (webpack-internal:///(app-pages-browser)/./node_modules/use-intl/dist/esm/development/initializeConfig-CUsOI8u2.js:173:20)
    at AnnouncementTicker (webpack-internal:///(app-pages-browser)/./components/layout/AnnouncementTicker.tsx:110:31)
    at renderWithHooks (webpack-internal:///(app-pages-browser)/./node_modules/next/dist/compiled/react-dom/cjs/react-dom.development.js:11121:18)
    at updateFunctionComponent (webpack-internal:///(app-pages-browser)/./node_modules/next/dist/compiled/react-dom/cjs/react-dom.development.js:16290:20)
    at beginWork$1 (webpack-internal:///(app-pages-browser)/./node_modules/next/dist/compiled/react-dom/cjs/react-dom.development.js:18472:16)
    at beginWork (webpack-internal:///(app-pages-browser)/./node_modules/next/dist/compiled/react-dom/cjs/react-dom.development.js:26927:14)
    at performUnitOfWork (webpack-internal:///(app-pages-browser)/./node_modules/next/dist/compiled/react-dom/cjs/react-dom.development.js:25748:12)
    at workLoopConcurrent (webpack-internal:///(app-pages-browser)/./node_modules/next/dist/compiled/react-dom/cjs/react-dom.development.js:25734:5)
    at renderRootConcurrent (webpack-internal:///(app-pages-browser)/./node_modules/next/dist/compiled/react-dom/cjs/react-dom.development.js:25690:9)
    at performConcurrentWorkOnRoot (webpack-internal:///(app-pages-browser)/./node_modules/next/dist/compiled/react-dom/cjs/react-dom.development.js:24504:38)
    at workLoop (webpack-internal:///(app-pages-browser)/./node_modules/next/dist/compiled/scheduler/cjs/scheduler.development.js:256:34)
    at flushWork (webpack-internal:///(app-pages-browser)/./node_modules/next/dist/compiled/scheduler/cjs/scheduler.development.js:225:14)
    at MessagePort.performWorkUntilDeadline (webpack-internal:///(app-pages-browser)/./node_modules/next/dist/compiled/scheduler/cjs/scheduler.development.js:534:21) @ webpack-internal:///(app-pages-browser)/./node_modules/next/dist/client/app-index.js:32
[   62497ms] [ERROR] IntlError: MISSING_MESSAGE: Could not resolve `Ticker.dismissAria` in messages for locale `es`.
    at getFallbackFromErrorAndNotify (webpack-internal:///(app-pages-browser)/./node_modules/use-intl/dist/esm/development/initializeConfig-CUsOI8u2.js:108:19)
    at translateBaseFn (webpack-internal:///(app-pages-browser)/./node_modules/use-intl/dist/esm/development/initializeConfig-CUsOI8u2.js:141:18)
    at translateFn (webpack-internal:///(app-pages-browser)/./node_modules/use-intl/dist/esm/development/initializeConfig-CUsOI8u2.js:173:20)
    at AnnouncementTicker (webpack-internal:///(app-pages-browser)/./components/layout/AnnouncementTicker.tsx:110:31)
    at renderWithHooksAgain (webpack-internal:///(app-pages-browser)/./node_modules/next/dist/compiled/react-dom/cjs/react-dom.development.js:11272:16)
    at renderWithHooks (webpack-internal:///(app-pages-browser)/./node_modules/next/dist/compiled/react-dom/cjs/react-dom.development.js:11135:18)
    at updateFunctionComponent (webpack-internal:///(app-pages-browser)/./node_modules/next/dist/compiled/react-dom/cjs/react-dom.development.js:16290:20)
    at beginWork$1 (webpack-internal:///(app-pages-browser)/./node_modules/next/dist/compiled/react-dom/cjs/react-dom.development.js:18472:16)
    at beginWork (webpack-internal:///(app-pages-browser)/./node_modules/next/dist/compiled/react-dom/cjs/react-dom.development.js:26927:14)
    at performUnitOfWork (webpack-internal:///(app-pages-browser)/./node_modules/next/dist/compiled/react-dom/cjs/react-dom.development.js:25748:12)
    at workLoopConcurrent (webpack-internal:///(app-pages-browser)/./node_modules/next/dist/compiled/react-dom/cjs/react-dom.development.js:25734:5)
    at renderRootConcurrent (webpack-internal:///(app-pages-browser)/./node_modules/next/dist/compiled/react-dom/cjs/react-dom.development.js:25690:9)
    at performConcurrentWorkOnRoot (webpack-internal:///(app-pages-browser)/./node_modules/next/dist/compiled/react-dom/cjs/react-dom.development.js:24504:38)
    at workLoop (webpack-internal:///(app-pages-browser)/./node_modules/next/dist/compiled/scheduler/cjs/scheduler.development.js:256:34)
    at flushWork (webpack-internal:///(app-pages-browser)/./node_modules/next/dist/compiled/scheduler/cjs/scheduler.development.js:225:14)
    at MessagePort.performWorkUntilDeadline (webpack-internal:///(app-pages-browser)/./node_modules/next/dist/compiled/scheduler/cjs/scheduler.development.js:534:21) @ webpack-internal:///(app-pages-browser)/./node_modules/next/dist/client/app-index.js:32
[   84517ms] [WARNING] The resource http://localhost:3000/_next/static/css/app/layout.css?v=1781196611484 was preloaded using link preload but not used within a few seconds from the window's load event. Please make sure it has an appropriate `as` value and it is preloaded intentionally. @ http://localhost:3000/pollas/polla-mundialista-44md:0
[   95209ms] [LOG] [Fast Refresh] rebuilding @ webpack-internal:///(app-pages-browser)/./node_modules/next/dist/client/components/react-dev-overlay/app/hot-reloader-client.js:186
[   95530ms] [LOG] [Fast Refresh] rebuilding @ webpack-internal:///(app-pages-browser)/./node_modules/next/dist/client/components/react-dev-overlay/app/hot-reloader-client.js:186
[   95610ms] [LOG] [Fast Refresh] done in 80ms @ webpack-internal:///(app-pages-browser)/./node_modules/next/dist/client/components/react-dev-overlay/app/hot-reloader-client.js:43
[   96711ms] [LOG] [Fast Refresh] done in 1181ms @ webpack-internal:///(app-pages-browser)/./node_modules/next/dist/client/components/react-dev-overlay/app/hot-reloader-client.js:43
[  101733ms] [WARNING] The resource http://localhost:3000/_next/static/css/app/layout.css?v=1781196611484 was preloaded using link preload but not used within a few seconds from the window's load event. Please make sure it has an appropriate `as` value and it is preloaded intentionally. @ http://localhost:3000/pollas/polla-mundialista-44md:0
[  118019ms] [LOG] [Fast Refresh] rebuilding @ webpack-internal:///(app-pages-browser)/./node_modules/next/dist/client/components/react-dev-overlay/app/hot-reloader-client.js:186
[  118230ms] [LOG] [Fast Refresh] done in 210ms @ webpack-internal:///(app-pages-browser)/./node_modules/next/dist/client/components/react-dev-overlay/app/hot-reloader-client.js:43
[  124306ms] [WARNING] The resource http://localhost:3000/_next/static/css/app/layout.css?v=1781196611484 was preloaded using link preload but not used within a few seconds from the window's load event. Please make sure it has an appropriate `as` value and it is preloaded intentionally. @ http://localhost:3000/pollas/polla-mundialista-44md:0
[  129634ms] [WARNING] The resource http://localhost:3000/_next/static/css/app/layout.css?v=1781196611484 was preloaded using link preload but not used within a few seconds from the window's load event. Please make sure it has an appropriate `as` value and it is preloaded intentionally. @ http://localhost:3000/inicio:0
[  132407ms] [WARNING] Image with src "https://crests.football-data.org/769.svg" has either width or height modified, but not the other. If you use CSS to change the size of your image, also include the styles 'width: "auto"' or 'height: "auto"' to maintain the aspect ratio. @ webpack-internal:///(app-pages-browser)/./node_modules/next/dist/shared/lib/utils/warn-once.js:15
[  132407ms] [WARNING] Image with src "https://crests.football-data.org/9396.svg" has either width or height modified, but not the other. If you use CSS to change the size of your image, also include the styles 'width: "auto"' or 'height: "auto"' to maintain the aspect ratio. @ webpack-internal:///(app-pages-browser)/./node_modules/next/dist/shared/lib/utils/warn-once.js:15
[  137335ms] [WARNING] The resource http://localhost:3000/_next/static/css/app/layout.css?v=1781196611484 was preloaded using link preload but not used within a few seconds from the window's load event. Please make sure it has an appropriate `as` value and it is preloaded intentionally. @ http://localhost:3000/inicio:0
[  142215ms] [LOG] [perfil] /api/users/me profile payload: {display_name: Santiago Trujillo Z 🇨🇴, whatsapp_number: 573117312391, avatar_url: verde, is_admin: true, default_payout_method: bancolombia} @ webpack-internal:///(app-pages-browser)/./app/(app)/perfil/page.tsx:64
[  143258ms] [LOG] [perfil] /api/users/me profile payload: {display_name: Santiago Trujillo Z 🇨🇴, whatsapp_number: 573117312391, avatar_url: verde, is_admin: true, default_payout_method: bancolombia} @ webpack-internal:///(app-pages-browser)/./app/(app)/perfil/page.tsx:64
[  146272ms] [WARNING] The resource http://localhost:3000/_next/static/css/app/layout.css?v=1781196611484 was preloaded using link preload but not used within a few seconds from the window's load event. Please make sure it has an appropriate `as` value and it is preloaded intentionally. @ http://localhost:3000/perfil:0
